Using pre-set license
Built from '2021.2/staging' branch; Version is '2021.2.5f1 (4ec9a5e799f5) revision 5163429'; Using compiler version '192829333'; Build Type 'Release'
OS: 'Windows 10  (10.0.19045) 64bit Professional' Language: 'fr' Physical Memory: 16307 MB
BatchMode: 1, IsHumanControllingUs: 0, StartBugReporterOnCrash: 0, Is64bit: 1, IsPro: 0

COMMAND LINE ARGUMENTS:
C:\Program Files\Unity\Hub\Editor\2021.2.5f1\Editor\Unity.exe
-adb2
-batchMode
-noUpm
-name
AssetImportWorker1
-projectPath
C:/Users/Lucas/Desktop/Projet lab 2/23-24.FR.M.S1_ProjetRaph/Projet lab 2
-logFile
Logs/AssetImportWorker1.log
-srvPort
54170
Successfully changed project path to: C:/Users/Lucas/Desktop/Projet lab 2/23-24.FR.M.S1_ProjetRaph/Projet lab 2
C:/Users/Lucas/Desktop/Projet lab 2/23-24.FR.M.S1_ProjetRaph/Projet lab 2
[UnityMemory] Configuration Parameters - Can be set up in boot.config
    "memorysetup-bucket-allocator-granularity=16"
    "memorysetup-bucket-allocator-bucket-count=8"
    "memorysetup-bucket-allocator-block-size=33554432"
    "memorysetup-bucket-allocator-block-count=8"
    "memorysetup-main-allocator-block-size=16777216"
    "memorysetup-thread-allocator-block-size=16777216"
    "memorysetup-gfx-main-allocator-block-size=16777216"
    "memorysetup-gfx-thread-allocator-block-size=16777216"
    "memorysetup-cache-allocator-block-size=4194304"
    "memorysetup-typetree-allocator-block-size=2097152"
    "memorysetup-profiler-bucket-allocator-granularity=16"
    "memorysetup-profiler-bucket-allocator-bucket-count=8"
    "memorysetup-profiler-bucket-allocator-block-size=33554432"
    "memorysetup-profiler-bucket-allocator-block-count=8"
    "memorysetup-profiler-allocator-block-size=16777216"
    "memorysetup-profiler-editor-allocator-block-size=1048576"
    "memorysetup-temp-allocator-size-main=16777216"
    "memorysetup-job-temp-allocator-block-size=2097152"
    "memorysetup-job-temp-allocator-block-size-background=1048576"
    "memorysetup-job-temp-allocator-reduction-small-platforms=262144"
    "memorysetup-temp-allocator-size-background-worker=32768"
    "memorysetup-temp-allocator-size-job-worker=262144"
    "memorysetup-temp-allocator-size-preload-manager=33554432"
    "memorysetup-temp-allocator-size-nav-mesh-worker=65536"
    "memorysetup-temp-allocator-size-audio-worker=65536"
    "memorysetup-temp-allocator-size-cloud-worker=32768"
    "memorysetup-temp-allocator-size-gi-baking-worker=262144"
    "memorysetup-temp-allocator-size-gfx=262144"
Refreshing native plugins compatible for Editor in 213.71 ms, found 4 plugins.
Preloading 0 native plugins for Editor in 0.00 ms.
Initialize engine version: 2021.2.5f1 (4ec9a5e799f5)
[Subsystems] Discovering subsystems at path C:/Program Files/Unity/Hub/Editor/2021.2.5f1/Editor/Data/Resources/UnitySubsystems
[Subsystems] Discovering subsystems at path C:/Users/Lucas/Desktop/Projet lab 2/23-24.FR.M.S1_ProjetRaph/Projet lab 2/Assets
GfxDevice: creating device client; threaded=0; jobified=0
Direct3D:
    Version:  Direct3D 11.0 [level 11.0]
    Renderer: NVIDIA Quadro K2200 (ID=0x13ba)
    Vendor:   NVIDIA
    VRAM:     4053 MB
    Driver:   26.21.14.4292
Initialize mono
Mono path[0] = 'C:/Program Files/Unity/Hub/Editor/2021.2.5f1/Editor/Data/Managed'
Mono path[1] = 'C:/Program Files/Unity/Hub/Editor/2021.2.5f1/Editor/Data/MonoBleedingEdge/lib/mono/unityjit-win32'
Mono config path = 'C:/Program Files/Unity/Hub/Editor/2021.2.5f1/Editor/Data/MonoBleedingEdge/etc'
Using monoOptions --debugger-agent=transport=dt_socket,embedding=1,server=y,suspend=n,address=127.0.0.1:56068
Begin MonoManager ReloadAssembly
Registering precompiled unity dll's ...
Register platform support module: C:/Program Files/Unity/Hub/Editor/2021.2.5f1/Editor/Data/PlaybackEngines/WindowsStandaloneSupport/UnityEditor.WindowsStandalone.Extensions.dll
Registered in 0.039031 seconds.
Native extension for WindowsStandalone target not found
Refreshing native plugins compatible for Editor in 190.46 ms, found 4 plugins.
Preloading 0 native plugins for Editor in 0.00 ms.
Mono: successfully reloaded assembly
- Completed reload, in  1.647 seconds
Domain Reload Profiling:
	ReloadAssembly (1648ms)
		BeginReloadAssembly (215ms)
			ExecutionOrderSort (0ms)
			DisableScriptedObjects (0ms)
			BackupInstance (0ms)
			ReleaseScriptingObjects (0ms)
			CreateAndSetChildDomain (2ms)
		EndReloadAssembly (1178ms)
			LoadAssemblies (205ms)
			RebuildTransferFunctionScriptingTraits (0ms)
			SetupTypeCache (228ms)
			ReleaseScriptCaches (0ms)
			RebuildScriptCaches (62ms)
			SetupLoadedEditorAssemblies (745ms)
				LogAssemblyErrors (0ms)
				InitializePlatformSupportModulesInManaged (89ms)
				SetLoadedEditorAssemblies (0ms)
				RefreshPlugins (191ms)
				BeforeProcessingInitializeOnLoad (3ms)
				ProcessInitializeOnLoadAttributes (346ms)
				ProcessInitializeOnLoadMethodAttributes (116ms)
				AfterProcessingInitializeOnLoad (0ms)
				EditorAssembliesLoaded (0ms)
			ExecutionOrderSort2 (0ms)
			AwakeInstancesAfterBackupRestoration (0ms)
Platform modules already initialized, skipping
Registering precompiled user dll's ...
Registered in 0.035517 seconds.
Begin MonoManager ReloadAssembly
Symbol file LoadedFromMemory doesn't match image C:\Users\Lucas\Desktop\Projet lab 2\23-24.FR.M.S1_ProjetRaph\Projet lab 2\Library\PackageCache\com.unity.visualscripting@1.7.5\Editor\VisualScripting.Core\Dependencies\YamlDotNet\Unity.VisualScripting.YamlDotNet.dll
Symbol file LoadedFromMemory doesn't match image C:\Users\Lucas\Desktop\Projet lab 2\23-24.FR.M.S1_ProjetRaph\Projet lab 2\Library\PackageCache\com.unity.visualscripting@1.7.5\Editor\VisualScripting.Core\Dependencies\DotNetZip\Unity.VisualScripting.IonicZip.dll
Native extension for WindowsStandalone target not found
Refreshing native plugins compatible for Editor in 194.57 ms, found 4 plugins.
Preloading 0 native plugins for Editor in 0.00 ms.
Mono: successfully reloaded assembly
- Completed reload, in  4.365 seconds
Domain Reload Profiling:
	ReloadAssembly (4367ms)
		BeginReloadAssembly (441ms)
			ExecutionOrderSort (0ms)
			DisableScriptedObjects (14ms)
			BackupInstance (0ms)
			ReleaseScriptingObjects (0ms)
			CreateAndSetChildDomain (39ms)
		EndReloadAssembly (3657ms)
			LoadAssemblies (242ms)
			RebuildTransferFunctionScriptingTraits (0ms)
			SetupTypeCache (561ms)
			ReleaseScriptCaches (1ms)
			RebuildScriptCaches (127ms)
			SetupLoadedEditorAssemblies (2482ms)
				LogAssemblyErrors (0ms)
				InitializePlatformSupportModulesInManaged (29ms)
				SetLoadedEditorAssemblies (0ms)
				RefreshPlugins (195ms)
				BeforeProcessingInitializeOnLoad (263ms)
				ProcessInitializeOnLoadAttributes (1875ms)
				ProcessInitializeOnLoadMethodAttributes (81ms)
				AfterProcessingInitializeOnLoad (38ms)
				EditorAssembliesLoaded (0ms)
			ExecutionOrderSort2 (0ms)
			AwakeInstancesAfterBackupRestoration (15ms)
Platform modules already initialized, skipping
========================================================================
Worker process is ready to serve import requests
Launched and connected shader compiler UnityShaderCompiler.exe after 0.09 seconds
Refreshing native plugins compatible for Editor in 1.47 ms, found 4 plugins.
Preloading 0 native plugins for Editor in 0.00 ms.
Unloading 3898 Unused Serialized files (Serialized files now loaded: 0)
Unloading 37 unused Assets / (56.0 KB). Loaded Objects now: 4353.
Memory consumption went from 149.7 MB to 149.6 MB.
Total: 6.900200 ms (FindLiveObjects: 0.614800 ms CreateObjectMapping: 0.272500 ms MarkObjects: 5.881400 ms  DeleteObjects: 0.129200 ms)

AssetImportParameters requested are different than current active one (requested -> active):
  custom:video-decoder-ogg-theora: a1e56fd34408186e4bbccfd4996cb3dc -> 
  custom:container-muxer-webm: aa71ff27fc2769a1b78a27578f13a17b -> 
  custom:container-demuxer-webm: 4f35f7cbe854078d1ac9338744f61a02 -> 
  custom:video-encoder-webm-vp8: eb34c28f22e8b96e1ab97ce403110664 -> 
  custom:audio-encoder-webm-vorbis: bf7c407c2cedff20999df2af8eb42d56 -> 
  custom:framework-win-MediaFoundation: 216162199b28c13a410421893ffa2e32 -> 
  custom:container-demuxer-ogg: 62fdf1f143b41e24485cea50d1cbac27 -> 
  custom:video-decoder-webm-vp8: 9c59270c3fd7afecdb556c50c9e8de78 -> 
  custom:audio-decoder-ogg-vorbis: bf7c407c2cedff20999df2af8eb42d56 -> 
========================================================================
Received Import Request.
  Time since last request: 277470.173630 seconds.
  path: Assets
  artifactKey: Guid(00000000000000001000000000000000) Importer(815301076,1909f56bfc062723c751e8b465ee728b)
Start importing Assets using Guid(00000000000000001000000000000000) Importer(815301076,1909f56bfc062723c751e8b465ee728b)  -> (artifact id: '79842766b460edbeab6a34051e857a80') in 0.024671 seconds 
========================================================================
Received Import Request.
  Time since last request: 2527.239887 seconds.
  path: Assets/Blackthornprod/100 Fantasy Characters Pack/Prefabs/Character (2).prefab
  artifactKey: Guid(0e280cd4ce521994eb618b6731c6a2f4) Importer(815301076,1909f56bfc062723c751e8b465ee728b)
Start importing Assets/Blackthornprod/100 Fantasy Characters Pack/Prefabs/Character (2).prefab using Guid(0e280cd4ce521994eb618b6731c6a2f4) Importer(815301076,1909f56bfc062723c751e8b465ee728b)  -> (artifact id: '5eda18394a319f6a58e5cacf6ec5bea7') in 0.918098 seconds 
========================================================================
Received Import Request.
  Time since last request: 0.000174 seconds.
  path: Assets/Blackthornprod/100 Fantasy Characters Pack/Prefabs/Character (14).prefab
  artifactKey: Guid(32216c3119cb3704bbfdaf4d3f1a55e3) Importer(815301076,1909f56bfc062723c751e8b465ee728b)
Start importing Assets/Blackthornprod/100 Fantasy Characters Pack/Prefabs/Character (14).prefab using Guid(32216c3119cb3704bbfdaf4d3f1a55e3) Importer(815301076,1909f56bfc062723c751e8b465ee728b)  -> (artifact id: '0042abe609849abb17b6d9e1bed69bb3') in 0.195341 seconds 
========================================================================
Received Import Request.
  Time since last request: 0.000089 seconds.
  path: Assets/Blackthornprod/100 Fantasy Characters Pack/Prefabs/Character (15).prefab
  artifactKey: Guid(96196b80ec9d1c142aa664ab0846055a) Importer(815301076,1909f56bfc062723c751e8b465ee728b)
Start importing Assets/Blackthornprod/100 Fantasy Characters Pack/Prefabs/Character (15).prefab using Guid(96196b80ec9d1c142aa664ab0846055a) Importer(815301076,1909f56bfc062723c751e8b465ee728b)  -> (artifact id: 'df2b44e5ab42374b9c8937ca41e5ab2d') in 0.162331 seconds 
========================================================================
Received Import Request.
  Time since last request: 0.000069 seconds.
  path: Assets/Blackthornprod/100 Fantasy Characters Pack/Prefabs/Character (41).prefab
  artifactKey: Guid(e24c9a1a4fb8a7f45bf6ac000b47ec8f) Importer(815301076,1909f56bfc062723c751e8b465ee728b)
Start importing Assets/Blackthornprod/100 Fantasy Characters Pack/Prefabs/Character (41).prefab using Guid(e24c9a1a4fb8a7f45bf6ac000b47ec8f) Importer(815301076,1909f56bfc062723c751e8b465ee728b)  -> (artifact id: '43aea41824fceb9589c7ca7fe6739beb') in 0.165335 seconds 
========================================================================
Received Import Request.
  Time since last request: 0.000066 seconds.
  path: Assets/Blackthornprod/100 Fantasy Characters Pack/Prefabs/Character (43).prefab
  artifactKey: Guid(736cfbc1aa82a4f44800507aed51fe1a) Importer(815301076,1909f56bfc062723c751e8b465ee728b)
Start importing Assets/Blackthornprod/100 Fantasy Characters Pack/Prefabs/Character (43).prefab using Guid(736cfbc1aa82a4f44800507aed51fe1a) Importer(815301076,1909f56bfc062723c751e8b465ee728b)  -> (artifact id: '8c9999e687fed8158e4a039e27694553') in 0.180656 seconds 
========================================================================
Received Import Request.
  Time since last request: 0.000073 seconds.
  path: Assets/Blackthornprod/100 Fantasy Characters Pack/Prefabs/Character (9).prefab
  artifactKey: Guid(361981530247ec54bb679f89e208d82f) Importer(815301076,1909f56bfc062723c751e8b465ee728b)
Start importing Assets/Blackthornprod/100 Fantasy Characters Pack/Prefabs/Character (9).prefab using Guid(361981530247ec54bb679f89e208d82f) Importer(815301076,1909f56bfc062723c751e8b465ee728b)  -> (artifact id: 'b178df1aeb533b5c640d83af254869a4') in 0.158848 seconds 
========================================================================
Received Import Request.
  Time since last request: 0.000062 seconds.
  path: Assets/Blackthornprod/100 Fantasy Characters Pack/Prefabs/Character (16).prefab
  artifactKey: Guid(6ac1eb95fbced6e48acd22a849a47c0d) Importer(815301076,1909f56bfc062723c751e8b465ee728b)
Start importing Assets/Blackthornprod/100 Fantasy Characters Pack/Prefabs/Character (16).prefab using Guid(6ac1eb95fbced6e48acd22a849a47c0d) Importer(815301076,1909f56bfc062723c751e8b465ee728b)  -> (artifact id: 'df7ba5e997b6d1074d47ee0901d9f48a') in 0.193745 seconds 
========================================================================
Received Import Request.
  Time since last request: 0.000058 seconds.
  path: Assets/Blackthornprod/100 Fantasy Characters Pack/Prefabs/Character (47).prefab
  artifactKey: Guid(7e657be82e059cd4fab722425109b320) Importer(815301076,1909f56bfc062723c751e8b465ee728b)
Start importing Assets/Blackthornprod/100 Fantasy Characters Pack/Prefabs/Character (47).prefab using Guid(7e657be82e059cd4fab722425109b320) Importer(815301076,1909f56bfc062723c751e8b465ee728b)  -> (artifact id: '124975ba0f1c02727a685db28ba3f7b0') in 0.171073 seconds 
========================================================================
Received Import Request.
  Time since last request: 0.000106 seconds.
  path: Assets/Blackthornprod/100 Fantasy Characters Pack/Prefabs/Character (63).prefab
  artifactKey: Guid(041f3ec81dd2bf24c8bf0dc01c13fa0d) Importer(815301076,1909f56bfc062723c751e8b465ee728b)
Start importing Assets/Blackthornprod/100 Fantasy Characters Pack/Prefabs/Character (63).prefab using Guid(041f3ec81dd2bf24c8bf0dc01c13fa0d) Importer(815301076,1909f56bfc062723c751e8b465ee728b)  -> (artifact id: '4139219925816fdc3f73e31ceb02ce22') in 0.193338 seconds 
========================================================================
Received Import Request.
  Time since last request: 0.000062 seconds.
  path: Assets/Blackthornprod/100 Fantasy Characters Pack/Prefabs/Character (37).prefab
  artifactKey: Guid(7f870ed1a3aa0c74cbda9323878b98a1) Importer(815301076,1909f56bfc062723c751e8b465ee728b)
Start importing Assets/Blackthornprod/100 Fantasy Characters Pack/Prefabs/Character (37).prefab using Guid(7f870ed1a3aa0c74cbda9323878b98a1) Importer(815301076,1909f56bfc062723c751e8b465ee728b)  -> (artifact id: '01718b3997420ab6870bf1bda8d97ff1') in 0.148045 seconds 
========================================================================
Received Import Request.
  Time since last request: 0.000082 seconds.
  path: Assets/Blackthornprod/100 Fantasy Characters Pack/Prefabs/Character (65).prefab
  artifactKey: Guid(9eedc5bd4fe9e6e4bb5259511f3f8f8c) Importer(815301076,1909f56bfc062723c751e8b465ee728b)
Start importing Assets/Blackthornprod/100 Fantasy Characters Pack/Prefabs/Character (65).prefab using Guid(9eedc5bd4fe9e6e4bb5259511f3f8f8c) Importer(815301076,1909f56bfc062723c751e8b465ee728b)  -> (artifact id: '2bac5f4fb8ee34131dcda1899176acf4') in 0.209305 seconds 
========================================================================
Received Import Request.
  Time since last request: 0.000052 seconds.
  path: Assets/Blackthornprod/100 Fantasy Characters Pack/Prefabs/Character (40).prefab
  artifactKey: Guid(96944988f695d4c47af0515556018ce3) Importer(815301076,1909f56bfc062723c751e8b465ee728b)
Start importing Assets/Blackthornprod/100 Fantasy Characters Pack/Prefabs/Character (40).prefab using Guid(96944988f695d4c47af0515556018ce3) Importer(815301076,1909f56bfc062723c751e8b465ee728b)  -> (artifact id: '61e106d03cc0299d35eadc2fd55745ad') in 0.208905 seconds 
========================================================================
Received Import Request.
  Time since last request: 0.000110 seconds.
  path: Assets/Blackthornprod/100 Fantasy Characters Pack/Prefabs/Character (59).prefab
  artifactKey: Guid(79ec2be95a5ca5c499f466271432196c) Importer(815301076,1909f56bfc062723c751e8b465ee728b)
Start importing Assets/Blackthornprod/100 Fantasy Characters Pack/Prefabs/Character (59).prefab using Guid(79ec2be95a5ca5c499f466271432196c) Importer(815301076,1909f56bfc062723c751e8b465ee728b)  -> (artifact id: 'd9c50ca93bea1aae3341616330479eba') in 0.186709 seconds 
========================================================================
Received Import Request.
  Time since last request: 0.000117 seconds.
  path: Assets/Blackthornprod/100 Fantasy Characters Pack/Prefabs/Character (29).prefab
  artifactKey: Guid(5789fdd104b713c4f929425e70d7572d) Importer(815301076,1909f56bfc062723c751e8b465ee728b)
Start importing Assets/Blackthornprod/100 Fantasy Characters Pack/Prefabs/Character (29).prefab using Guid(5789fdd104b713c4f929425e70d7572d) Importer(815301076,1909f56bfc062723c751e8b465ee728b)  -> (artifact id: 'b3e1fd38da1c333203b334e7b502d7fc') in 0.179261 seconds 
========================================================================
Received Import Request.
  Time since last request: 0.000120 seconds.
  path: Assets/Blackthornprod/100 Fantasy Characters Pack/Prefabs/Character (56).prefab
  artifactKey: Guid(f4d369ba099821a41a7e353da8adbb34) Importer(815301076,1909f56bfc062723c751e8b465ee728b)
Start importing Assets/Blackthornprod/100 Fantasy Characters Pack/Prefabs/Character (56).prefab using Guid(f4d369ba099821a41a7e353da8adbb34) Importer(815301076,1909f56bfc062723c751e8b465ee728b)  -> (artifact id: '7eaf62a7e8936f282de9a083a0d21565') in 0.177732 seconds 
========================================================================
Received Import Request.
  Time since last request: 0.000057 seconds.
  path: Assets/Blackthornprod/100 Fantasy Characters Pack/Prefabs/Character (44).prefab
  artifactKey: Guid(75433554313639845880ecdd0398e73e) Importer(815301076,1909f56bfc062723c751e8b465ee728b)
Start importing Assets/Blackthornprod/100 Fantasy Characters Pack/Prefabs/Character (44).prefab using Guid(75433554313639845880ecdd0398e73e) Importer(815301076,1909f56bfc062723c751e8b465ee728b)  -> (artifact id: '098c409469735ca8b714344718cb4eda') in 0.185557 seconds 
========================================================================
Received Import Request.
  Time since last request: 0.000073 seconds.
  path: Assets/Blackthornprod/100 Fantasy Characters Pack/Prefabs/Character (18).prefab
  artifactKey: Guid(2148be545aabd1c4fa1390327151b0ff) Importer(815301076,1909f56bfc062723c751e8b465ee728b)
Start importing Assets/Blackthornprod/100 Fantasy Characters Pack/Prefabs/Character (18).prefab using Guid(2148be545aabd1c4fa1390327151b0ff) Importer(815301076,1909f56bfc062723c751e8b465ee728b)  -> (artifact id: '4825148cd15941f08aa912227b9b16fe') in 0.166821 seconds 
========================================================================
Received Import Request.
  Time since last request: 0.000079 seconds.
  path: Assets/Blackthornprod/100 Fantasy Characters Pack/Prefabs/Character (39).prefab
  artifactKey: Guid(d3992a94349c31542955b8482f5ed304) Importer(815301076,1909f56bfc062723c751e8b465ee728b)
Start importing Assets/Blackthornprod/100 Fantasy Characters Pack/Prefabs/Character (39).prefab using Guid(d3992a94349c31542955b8482f5ed304) Importer(815301076,1909f56bfc062723c751e8b465ee728b)  -> (artifact id: '40c20e14190354ca2eaf9906839e30e6') in 0.167497 seconds 
========================================================================
Received Import Request.
  Time since last request: 0.000051 seconds.
  path: Assets/Blackthornprod/100 Fantasy Characters Pack/Prefabs/Character (58).prefab
  artifactKey: Guid(756dbd0161dcec748b95db3fcb84c48b) Importer(815301076,1909f56bfc062723c751e8b465ee728b)
Start importing Assets/Blackthornprod/100 Fantasy Characters Pack/Prefabs/Character (58).prefab using Guid(756dbd0161dcec748b95db3fcb84c48b) Importer(815301076,1909f56bfc062723c751e8b465ee728b)  -> (artifact id: 'f6f3ba762bf0c081f643c208c5df6792') in 0.216944 seconds 
========================================================================
Received Import Request.
  Time since last request: 0.000070 seconds.
  path: Assets/Blackthornprod/100 Fantasy Characters Pack/Prefabs/Character (19).prefab
  artifactKey: Guid(80eb693f7c9ad06449a916427c057f7a) Importer(815301076,1909f56bfc062723c751e8b465ee728b)
Start importing Assets/Blackthornprod/100 Fantasy Characters Pack/Prefabs/Character (19).prefab using Guid(80eb693f7c9ad06449a916427c057f7a) Importer(815301076,1909f56bfc062723c751e8b465ee728b)  -> (artifact id: '4af18b65fb7ce1011d4a97e4d6edfb12') in 0.163806 seconds 
========================================================================
Received Import Request.
  Time since last request: 0.000051 seconds.
  path: Assets/Blackthornprod/100 Fantasy Characters Pack/Prefabs/Character (46).prefab
  artifactKey: Guid(5cfc4e27acf5ffa4e8acd372e005f5e9) Importer(815301076,1909f56bfc062723c751e8b465ee728b)
Start importing Assets/Blackthornprod/100 Fantasy Characters Pack/Prefabs/Character (46).prefab using Guid(5cfc4e27acf5ffa4e8acd372e005f5e9) Importer(815301076,1909f56bfc062723c751e8b465ee728b)  -> (artifact id: '5a6d513c53e8e9d8485bbe354a16854c') in 0.140356 seconds 
========================================================================
Received Import Request.
  Time since last request: 0.000063 seconds.
  path: Assets/Blackthornprod/100 Fantasy Characters Pack/Prefabs/Character (31).prefab
  artifactKey: Guid(b6665c1d1459a9648b89cb38e5090a5e) Importer(815301076,1909f56bfc062723c751e8b465ee728b)
Start importing Assets/Blackthornprod/100 Fantasy Characters Pack/Prefabs/Character (31).prefab using Guid(b6665c1d1459a9648b89cb38e5090a5e) Importer(815301076,1909f56bfc062723c751e8b465ee728b)  -> (artifact id: '56fcfc4a8064b100109057b7c617665d') in 0.399477 seconds 
========================================================================
Received Import Request.
  Time since last request: 0.000103 seconds.
  path: Assets/Blackthornprod/100 Fantasy Characters Pack/Prefabs/Character (7).prefab
  artifactKey: Guid(d6690c8a416d60d40a83a0ef96994663) Importer(815301076,1909f56bfc062723c751e8b465ee728b)
Start importing Assets/Blackthornprod/100 Fantasy Characters Pack/Prefabs/Character (7).prefab using Guid(d6690c8a416d60d40a83a0ef96994663) Importer(815301076,1909f56bfc062723c751e8b465ee728b)  -> (artifact id: '189418f5b0fd9a9dc3d7eaed04472bbb') in 0.190439 seconds 
========================================================================
Received Import Request.
  Time since last request: 0.000055 seconds.
  path: Assets/Blackthornprod/100 Fantasy Characters Pack/Prefabs/Character (48).prefab
  artifactKey: Guid(d4fa6dbffce76d14e9e8d0125f41a08b) Importer(815301076,1909f56bfc062723c751e8b465ee728b)
Start importing Assets/Blackthornprod/100 Fantasy Characters Pack/Prefabs/Character (48).prefab using Guid(d4fa6dbffce76d14e9e8d0125f41a08b) Importer(815301076,1909f56bfc062723c751e8b465ee728b)  -> (artifact id: '81a0de166490ac14e9f33220e4890a6d') in 0.177313 seconds 
========================================================================
Received Import Request.
  Time since last request: 0.000052 seconds.
  path: Assets/Blackthornprod/100 Fantasy Characters Pack/Prefabs/Character (27).prefab
  artifactKey: Guid(12df7e1d6e59b664ab788e8bd58e7501) Importer(815301076,1909f56bfc062723c751e8b465ee728b)
Start importing Assets/Blackthornprod/100 Fantasy Characters Pack/Prefabs/Character (27).prefab using Guid(12df7e1d6e59b664ab788e8bd58e7501) Importer(815301076,1909f56bfc062723c751e8b465ee728b)  -> (artifact id: 'c9682a7e16cc002f243bfdbe262e06c3') in 0.160988 seconds 
========================================================================
Received Import Request.
  Time since last request: 0.000065 seconds.
  path: Assets/Blackthornprod/100 Fantasy Characters Pack/Prefabs/Character (10).prefab
  artifactKey: Guid(60b087c28ab8707418b27d15864b078e) Importer(815301076,1909f56bfc062723c751e8b465ee728b)
Start importing Assets/Blackthornprod/100 Fantasy Characters Pack/Prefabs/Character (10).prefab using Guid(60b087c28ab8707418b27d15864b078e) Importer(815301076,1909f56bfc062723c751e8b465ee728b)  -> (artifact id: '0cfaa5da66cfe27d4a98f7bac68247e5') in 0.264774 seconds 
========================================================================
Received Import Request.
  Time since last request: 0.000054 seconds.
  path: Assets/Blackthornprod/100 Fantasy Characters Pack/Prefabs/Character (68).prefab
  artifactKey: Guid(416ee64c39cd4ea4bb8dcfb882e5aa04) Importer(815301076,1909f56bfc062723c751e8b465ee728b)
Start importing Assets/Blackthornprod/100 Fantasy Characters Pack/Prefabs/Character (68).prefab using Guid(416ee64c39cd4ea4bb8dcfb882e5aa04) Importer(815301076,1909f56bfc062723c751e8b465ee728b)  -> (artifact id: '144ee766cdd2b90c5e04806b8049aabb') in 0.296250 seconds 
========================================================================
Received Import Request.
  Time since last request: 0.000061 seconds.
  path: Assets/Blackthornprod/100 Fantasy Characters Pack/Prefabs/Character (77).prefab
  artifactKey: Guid(f17b7cc498268f94aa53eebff02daaa3) Importer(815301076,1909f56bfc062723c751e8b465ee728b)
Start importing Assets/Blackthornprod/100 Fantasy Characters Pack/Prefabs/Character (77).prefab using Guid(f17b7cc498268f94aa53eebff02daaa3) Importer(815301076,1909f56bfc062723c751e8b465ee728b)  -> (artifact id: '765082f85b4b2493b29ee394837d27ad') in 0.157791 seconds 
========================================================================
Received Import Request.
  Time since last request: 0.000057 seconds.
  path: Assets/Blackthornprod/100 Fantasy Characters Pack/Prefabs/Character (99).prefab
  artifactKey: Guid(5d1ab9b0228d05a40832b62ab4035c82) Importer(815301076,1909f56bfc062723c751e8b465ee728b)
Start importing Assets/Blackthornprod/100 Fantasy Characters Pack/Prefabs/Character (99).prefab using Guid(5d1ab9b0228d05a40832b62ab4035c82) Importer(815301076,1909f56bfc062723c751e8b465ee728b)  -> (artifact id: '47c16df6b6de1d4e3ad0af596adb787f') in 0.163263 seconds 
========================================================================
Received Import Request.
  Time since last request: 0.000066 seconds.
  path: Assets/Blackthornprod/100 Fantasy Characters Pack/Prefabs/Character (74).prefab
  artifactKey: Guid(48933110da450ee41b6459f9294b78ee) Importer(815301076,1909f56bfc062723c751e8b465ee728b)
Start importing Assets/Blackthornprod/100 Fantasy Characters Pack/Prefabs/Character (74).prefab using Guid(48933110da450ee41b6459f9294b78ee) Importer(815301076,1909f56bfc062723c751e8b465ee728b)  -> (artifact id: 'b2b68d75769059b43a7a5693549722d4') in 0.216058 seconds 
========================================================================
Received Import Request.
  Time since last request: 0.000073 seconds.
  path: Assets/Blackthornprod/100 Fantasy Characters Pack/Prefabs/Character (86).prefab
  artifactKey: Guid(7af19914b4565cc4e9335e4f4901e00a) Importer(815301076,1909f56bfc062723c751e8b465ee728b)
Start importing Assets/Blackthornprod/100 Fantasy Characters Pack/Prefabs/Character (86).prefab using Guid(7af19914b4565cc4e9335e4f4901e00a) Importer(815301076,1909f56bfc062723c751e8b465ee728b)  -> (artifact id: '7d8949fb913357cb625787cf2fc92444') in 0.190964 seconds 
========================================================================
Received Import Request.
  Time since last request: 0.000059 seconds.
  path: Assets/Blackthornprod/100 Fantasy Characters Pack/Prefabs/Character (71).prefab
  artifactKey: Guid(c6cab51adfe6094498f6aca1862b0c32) Importer(815301076,1909f56bfc062723c751e8b465ee728b)
Start importing Assets/Blackthornprod/100 Fantasy Characters Pack/Prefabs/Character (71).prefab using Guid(c6cab51adfe6094498f6aca1862b0c32) Importer(815301076,1909f56bfc062723c751e8b465ee728b)  -> (artifact id: '289086517f387ebc70aced40fda5eee6') in 0.177694 seconds 
========================================================================
Received Import Request.
  Time since last request: 0.000050 seconds.
  path: Assets/Blackthornprod/100 Fantasy Characters Pack/Prefabs/Character (72).prefab
  artifactKey: Guid(60971e65992a3114cae30464ec7fbc38) Importer(815301076,1909f56bfc062723c751e8b465ee728b)
Start importing Assets/Blackthornprod/100 Fantasy Characters Pack/Prefabs/Character (72).prefab using Guid(60971e65992a3114cae30464ec7fbc38) Importer(815301076,1909f56bfc062723c751e8b465ee728b)  -> (artifact id: 'fe1531eea6b65ac188e84f4adee37929') in 0.153300 seconds 
========================================================================
Received Import Request.
  Time since last request: 0.000065 seconds.
  path: Assets/Blackthornprod/100 Fantasy Characters Pack/Prefabs/Character (82).prefab
  artifactKey: Guid(d58a714be4d79244685ad402c0f7401c) Importer(815301076,1909f56bfc062723c751e8b465ee728b)
Start importing Assets/Blackthornprod/100 Fantasy Characters Pack/Prefabs/Character (82).prefab using Guid(d58a714be4d79244685ad402c0f7401c) Importer(815301076,1909f56bfc062723c751e8b465ee728b)  -> (artifact id: '448f82c4bcdd73576ee4fdd17a42f7e0') in 0.176777 seconds 
========================================================================
Received Import Request.
  Time since last request: 0.000059 seconds.
  path: Assets/Blackthornprod/100 Fantasy Characters Pack/Prefabs/Character (84).prefab
  artifactKey: Guid(a107feb0bdde46a4b86e7f7166c1028c) Importer(815301076,1909f56bfc062723c751e8b465ee728b)
Start importing Assets/Blackthornprod/100 Fantasy Characters Pack/Prefabs/Character (84).prefab using Guid(a107feb0bdde46a4b86e7f7166c1028c) Importer(815301076,1909f56bfc062723c751e8b465ee728b)  -> (artifact id: '2aa1a83da55950dab4cce9b3271f66fd') in 0.194508 seconds 
========================================================================
Received Import Request.
  Time since last request: 0.000063 seconds.
  path: Assets/Blackthornprod/100 Fantasy Characters Pack/Prefabs/Character (70).prefab
  artifactKey: Guid(6c686da733391a643b04b11f07639a1c) Importer(815301076,1909f56bfc062723c751e8b465ee728b)
Start importing Assets/Blackthornprod/100 Fantasy Characters Pack/Prefabs/Character (70).prefab using Guid(6c686da733391a643b04b11f07639a1c) Importer(815301076,1909f56bfc062723c751e8b465ee728b)  -> (artifact id: '6536209b93502a2c78836ec675ab733a') in 0.183867 seconds 
========================================================================
Received Import Request.
  Time since last request: 0.000048 seconds.
  path: Assets/Blackthornprod/100 Fantasy Characters Pack/Prefabs/Character (94).prefab
  artifactKey: Guid(40b8a96eaef38c344a812912543da0e3) Importer(815301076,1909f56bfc062723c751e8b465ee728b)
Start importing Assets/Blackthornprod/100 Fantasy Characters Pack/Prefabs/Character (94).prefab using Guid(40b8a96eaef38c344a812912543da0e3) Importer(815301076,1909f56bfc062723c751e8b465ee728b)  -> (artifact id: '60bbc326b437cd32671e28acfce04c25') in 0.192228 seconds 
========================================================================
Received Import Request.
  Time since last request: 0.000058 seconds.
  path: Assets/Blackthornprod/100 Fantasy Characters Pack/Prefabs/Character (66).prefab
  artifactKey: Guid(75d7cc2e31209bf47a742f25bd96146b) Importer(815301076,1909f56bfc062723c751e8b465ee728b)
Start importing Assets/Blackthornprod/100 Fantasy Characters Pack/Prefabs/Character (66).prefab using Guid(75d7cc2e31209bf47a742f25bd96146b) Importer(815301076,1909f56bfc062723c751e8b465ee728b)  -> (artifact id: '0348d0149d2d0c522870d692f145a740') in 0.180861 seconds 
========================================================================
Received Import Request.
  Time since last request: 0.000053 seconds.
  path: Assets/Blackthornprod/100 Fantasy Characters Pack/Prefabs/Character (75).prefab
  artifactKey: Guid(14a5fab228cddae4ca51bab673ddf8f3) Importer(815301076,1909f56bfc062723c751e8b465ee728b)
Start importing Assets/Blackthornprod/100 Fantasy Characters Pack/Prefabs/Character (75).prefab using Guid(14a5fab228cddae4ca51bab673ddf8f3) Importer(815301076,1909f56bfc062723c751e8b465ee728b)  -> (artifact id: 'b17bfbf9ec524c4dc77797864f5672bb') in 0.157629 seconds 
========================================================================
Received Import Request.
  Time since last request: 0.000063 seconds.
  path: Assets/Blackthornprod/100 Fantasy Characters Pack/Prefabs/Character (95).prefab
  artifactKey: Guid(5f5faae7cc322914d8efc12de3d191ef) Importer(815301076,1909f56bfc062723c751e8b465ee728b)
Start importing Assets/Blackthornprod/100 Fantasy Characters Pack/Prefabs/Character (95).prefab using Guid(5f5faae7cc322914d8efc12de3d191ef) Importer(815301076,1909f56bfc062723c751e8b465ee728b)  -> (artifact id: '0afee80f6f0fb24625d88ad19454b767') in 0.163379 seconds 
========================================================================
Received Import Request.
  Time since last request: 0.000081 seconds.
  path: Assets/Blackthornprod/100 Fantasy Characters Pack/Prefabs/Character (98).prefab
  artifactKey: Guid(aeba40512eeb4e547ac7c0ca6f5ebcd1) Importer(815301076,1909f56bfc062723c751e8b465ee728b)
Start importing Assets/Blackthornprod/100 Fantasy Characters Pack/Prefabs/Character (98).prefab using Guid(aeba40512eeb4e547ac7c0ca6f5ebcd1) Importer(815301076,1909f56bfc062723c751e8b465ee728b)  -> (artifact id: '65a594aa421c794fac424f347b7dedd3') in 0.168491 seconds 
========================================================================
Received Import Request.
  Time since last request: 0.000067 seconds.
  path: Assets/Blackthornprod/100 Fantasy Characters Pack/Prefabs/Character (85).prefab
  artifactKey: Guid(a0ffb166766504e48a502f90d5effb01) Importer(815301076,1909f56bfc062723c751e8b465ee728b)
Start importing Assets/Blackthornprod/100 Fantasy Characters Pack/Prefabs/Character (85).prefab using Guid(a0ffb166766504e48a502f90d5effb01) Importer(815301076,1909f56bfc062723c751e8b465ee728b)  -> (artifact id: '79ac5dd66e0659f37a5c57f2fc82a3c8') in 0.218275 seconds 
========================================================================
Received Import Request.
  Time since last request: 0.000191 seconds.
  path: Assets/Blackthornprod/100 Fantasy Characters Pack/Prefabs/Character (93).prefab
  artifactKey: Guid(9a7944158da617d4391cc99b81b47759) Importer(815301076,1909f56bfc062723c751e8b465ee728b)
Start importing Assets/Blackthornprod/100 Fantasy Characters Pack/Prefabs/Character (93).prefab using Guid(9a7944158da617d4391cc99b81b47759) Importer(815301076,1909f56bfc062723c751e8b465ee728b)  -> (artifact id: '5240183e3765a569c6da32bb1b682223') in 0.178803 seconds 
========================================================================
Received Import Request.
  Time since last request: 0.000060 seconds.
  path: Assets/Blackthornprod/100 Fantasy Characters Pack/Prefabs/Character (21).prefab
  artifactKey: Guid(06454df7ad9792347b3970115aeda769) Importer(815301076,1909f56bfc062723c751e8b465ee728b)
Start importing Assets/Blackthornprod/100 Fantasy Characters Pack/Prefabs/Character (21).prefab using Guid(06454df7ad9792347b3970115aeda769) Importer(815301076,1909f56bfc062723c751e8b465ee728b)  -> (artifact id: '5994465ae4fc289aa4f8c6ec0e466191') in 0.172044 seconds 
========================================================================
Received Import Request.
  Time since last request: 0.000056 seconds.
  path: Assets/Blackthornprod/100 Fantasy Characters Pack/Prefabs/Character (8).prefab
  artifactKey: Guid(04557c871a7e606499e4598668edaafa) Importer(815301076,1909f56bfc062723c751e8b465ee728b)
Start importing Assets/Blackthornprod/100 Fantasy Characters Pack/Prefabs/Character (8).prefab using Guid(04557c871a7e606499e4598668edaafa) Importer(815301076,1909f56bfc062723c751e8b465ee728b)  -> (artifact id: '79021ee87901ab4a63234dccbc779f35') in 0.155618 seconds 
========================================================================
Received Import Request.
  Time since last request: 0.000047 seconds.
  path: Assets/Blackthornprod/100 Fantasy Characters Pack/Prefabs/Character (3).prefab
  artifactKey: Guid(2193cfa0c41207e4399c5aa3be1aa7e1) Importer(815301076,1909f56bfc062723c751e8b465ee728b)
Start importing Assets/Blackthornprod/100 Fantasy Characters Pack/Prefabs/Character (3).prefab using Guid(2193cfa0c41207e4399c5aa3be1aa7e1) Importer(815301076,1909f56bfc062723c751e8b465ee728b)  -> (artifact id: '8b7a2e0d12be688d81f66a8d6c864634') in 0.154287 seconds 
========================================================================
Received Import Request.
  Time since last request: 0.000063 seconds.
  path: Assets/Blackthornprod/100 Fantasy Characters Pack/Prefabs/Character (22).prefab
  artifactKey: Guid(124ef9a01a3706b4e939977ad9c482d7) Importer(815301076,1909f56bfc062723c751e8b465ee728b)
Start importing Assets/Blackthornprod/100 Fantasy Characters Pack/Prefabs/Character (22).prefab using Guid(124ef9a01a3706b4e939977ad9c482d7) Importer(815301076,1909f56bfc062723c751e8b465ee728b)  -> (artifact id: '4775b07a559f1dc5914a6bb0759f44d8') in 0.538088 seconds 
========================================================================
Received Import Request.
  Time since last request: 0.000050 seconds.
  path: Assets/Blackthornprod/100 Fantasy Characters Pack/Prefabs/Character (32).prefab
  artifactKey: Guid(99ea183cd1f90814eb99d1c2db2de578) Importer(815301076,1909f56bfc062723c751e8b465ee728b)
Start importing Assets/Blackthornprod/100 Fantasy Characters Pack/Prefabs/Character (32).prefab using Guid(99ea183cd1f90814eb99d1c2db2de578) Importer(815301076,1909f56bfc062723c751e8b465ee728b)  -> (artifact id: 'b2d7fd6d52e65c28dfffa9d427128c7a') in 0.194468 seconds 
========================================================================
Received Import Request.
  Time since last request: 0.000073 seconds.
  path: Assets/Blackthornprod/100 Fantasy Characters Pack/Prefabs/Character (88).prefab
  artifactKey: Guid(5a05396cc3a326e40a09d09054e09d2a) Importer(815301076,1909f56bfc062723c751e8b465ee728b)
Start importing Assets/Blackthornprod/100 Fantasy Characters Pack/Prefabs/Character (88).prefab using Guid(5a05396cc3a326e40a09d09054e09d2a) Importer(815301076,1909f56bfc062723c751e8b465ee728b)  -> (artifact id: 'f9c2ceaf8892381a9b150731b4db4079') in 0.165075 seconds 
========================================================================
Received Import Request.
  Time since last request: 0.000046 seconds.
  path: Assets/Blackthornprod/100 Fantasy Characters Pack/Prefabs/Character (60).prefab
  artifactKey: Guid(600e1ea3fc358a34d9b1985a48c9502b) Importer(815301076,1909f56bfc062723c751e8b465ee728b)
Start importing Assets/Blackthornprod/100 Fantasy Characters Pack/Prefabs/Character (60).prefab using Guid(600e1ea3fc358a34d9b1985a48c9502b) Importer(815301076,1909f56bfc062723c751e8b465ee728b)  -> (artifact id: '85e46b25ce70678a20aa31fad7ac15f0') in 0.173871 seconds 
========================================================================
Received Prepare
Registering precompiled user dll's ...
Registered in 0.034590 seconds.
Begin MonoManager ReloadAssembly
Symbol file LoadedFromMemory doesn't match image C:\Users\Lucas\Desktop\Projet lab 2\23-24.FR.M.S1_ProjetRaph\Projet lab 2\Library\PackageCache\com.unity.visualscripting@1.7.5\Editor\VisualScripting.Core\Dependencies\YamlDotNet\Unity.VisualScripting.YamlDotNet.dll
Symbol file LoadedFromMemory doesn't match image C:\Users\Lucas\Desktop\Projet lab 2\23-24.FR.M.S1_ProjetRaph\Projet lab 2\Library\PackageCache\com.unity.visualscripting@1.7.5\Editor\VisualScripting.Core\Dependencies\DotNetZip\Unity.VisualScripting.IonicZip.dll
Native extension for WindowsStandalone target not found
Refreshing native plugins compatible for Editor in 2.50 ms, found 4 plugins.
Preloading 0 native plugins for Editor in 0.00 ms.
Mono: successfully reloaded assembly
- Completed reload, in  4.523 seconds
Domain Reload Profiling:
	ReloadAssembly (4525ms)
		BeginReloadAssembly (559ms)
			ExecutionOrderSort (0ms)
			DisableScriptedObjects (26ms)
			BackupInstance (0ms)
			ReleaseScriptingObjects (0ms)
			CreateAndSetChildDomain (149ms)
		EndReloadAssembly (3587ms)
			LoadAssemblies (382ms)
			RebuildTransferFunctionScriptingTraits (0ms)
			SetupTypeCache (905ms)
			ReleaseScriptCaches (3ms)
			RebuildScriptCaches (210ms)
			SetupLoadedEditorAssemblies (1753ms)
				LogAssemblyErrors (0ms)
				InitializePlatformSupportModulesInManaged (43ms)
				SetLoadedEditorAssemblies (1ms)
				RefreshPlugins (3ms)
				BeforeProcessingInitializeOnLoad (380ms)
				ProcessInitializeOnLoadAttributes (1162ms)
				ProcessInitializeOnLoadMethodAttributes (110ms)
				AfterProcessingInitializeOnLoad (53ms)
				EditorAssembliesLoaded (0ms)
			ExecutionOrderSort2 (0ms)
			AwakeInstancesAfterBackupRestoration (33ms)
Platform modules already initialized, skipping
Refreshing native plugins compatible for Editor in 1.88 ms, found 4 plugins.
Preloading 0 native plugins for Editor in 0.00 ms.
Unloading 3887 Unused Serialized files (Serialized files now loaded: 0)
Unloading 26 unused Assets / (24.7 KB). Loaded Objects now: 4361.
Memory consumption went from 154.3 MB to 154.3 MB.
Total: 8.743600 ms (FindLiveObjects: 0.512200 ms CreateObjectMapping: 0.271100 ms MarkObjects: 7.871300 ms  DeleteObjects: 0.086000 ms)

AssetImportParameters requested are different than current active one (requested -> active):
  custom:video-decoder-ogg-theora: a1e56fd34408186e4bbccfd4996cb3dc -> 
  custom:container-muxer-webm: aa71ff27fc2769a1b78a27578f13a17b -> 
  custom:container-demuxer-webm: 4f35f7cbe854078d1ac9338744f61a02 -> 
  custom:video-encoder-webm-vp8: eb34c28f22e8b96e1ab97ce403110664 -> 
  custom:audio-encoder-webm-vorbis: bf7c407c2cedff20999df2af8eb42d56 -> 
  custom:framework-win-MediaFoundation: 216162199b28c13a410421893ffa2e32 -> 
  custom:container-demuxer-ogg: 62fdf1f143b41e24485cea50d1cbac27 -> 
  custom:video-decoder-webm-vp8: 9c59270c3fd7afecdb556c50c9e8de78 -> 
  custom:audio-decoder-ogg-vorbis: bf7c407c2cedff20999df2af8eb42d56 -> 
Editor requested this worker to shutdown with reason: Scaling down because of idle timeout
AssetImportWorker is now disconnected from the server
Process exiting
Exiting without the bug reporter. Application will terminate with return code 0